[2026-04-28T21:45:31.684+0000] {processor.py:186} INFO - Started process (PID=286) to work on /opt/airflow/dags/imdb_sentiment.py
[2026-04-28T21:45:31.686+0000] {processor.py:914} INFO - Processing file /opt/airflow/dags/imdb_sentiment.py for tasks to queue
[2026-04-28T21:45:31.692+0000] {logging_mixin.py:190} INFO - [2026-04-28T21:45:31.692+0000] {dagbag.py:587} INFO - Filling up the DagBag from /opt/airflow/dags/imdb_sentiment.py
[2026-04-28T21:45:31.702+0000] {logging_mixin.py:190} INFO - [2026-04-28T21:45:31.700+0000] {dagbag.py:386} ERROR - Failed to import: /opt/airflow/dags/imdb_sentiment.py
Traceback (most recent call last):
  File "/home/airflow/.local/lib/python3.12/site-packages/airflow/models/dagbag.py", line 382, in parse
    loader.exec_module(new_module)
  File "<frozen importlib._bootstrap_external>", line 995, in exec_module
  File "<frozen importlib._bootstrap>", line 488, in _call_with_frames_removed
  File "/opt/airflow/dags/imdb_sentiment.py", line 20, in <module>
    import mlflow
ModuleNotFoundError: No module named 'mlflow'
[2026-04-28T21:45:31.703+0000] {processor.py:927} WARNING - No viable dags retrieved from /opt/airflow/dags/imdb_sentiment.py
[2026-04-28T21:45:31.726+0000] {processor.py:208} INFO - Processing /opt/airflow/dags/imdb_sentiment.py took 0.046 seconds
[2026-04-28T21:46:02.036+0000] {processor.py:186} INFO - Started process (PID=327) to work on /opt/airflow/dags/imdb_sentiment.py
[2026-04-28T21:46:02.038+0000] {processor.py:914} INFO - Processing file /opt/airflow/dags/imdb_sentiment.py for tasks to queue
[2026-04-28T21:46:02.042+0000] {logging_mixin.py:190} INFO - [2026-04-28T21:46:02.041+0000] {dagbag.py:587} INFO - Filling up the DagBag from /opt/airflow/dags/imdb_sentiment.py
[2026-04-28T21:46:02.050+0000] {logging_mixin.py:190} INFO - [2026-04-28T21:46:02.047+0000] {dagbag.py:386} ERROR - Failed to import: /opt/airflow/dags/imdb_sentiment.py
Traceback (most recent call last):
  File "/home/airflow/.local/lib/python3.12/site-packages/airflow/models/dagbag.py", line 382, in parse
    loader.exec_module(new_module)
  File "<frozen importlib._bootstrap_external>", line 995, in exec_module
  File "<frozen importlib._bootstrap>", line 488, in _call_with_frames_removed
  File "/opt/airflow/dags/imdb_sentiment.py", line 20, in <module>
    import mlflow
ModuleNotFoundError: No module named 'mlflow'
[2026-04-28T21:46:02.051+0000] {processor.py:927} WARNING - No viable dags retrieved from /opt/airflow/dags/imdb_sentiment.py
[2026-04-28T21:46:02.065+0000] {processor.py:208} INFO - Processing /opt/airflow/dags/imdb_sentiment.py took 0.040 seconds
[2026-04-28T21:46:32.138+0000] {processor.py:186} INFO - Started process (PID=352) to work on /opt/airflow/dags/imdb_sentiment.py
[2026-04-28T21:46:32.140+0000] {processor.py:914} INFO - Processing file /opt/airflow/dags/imdb_sentiment.py for tasks to queue
[2026-04-28T21:46:32.147+0000] {logging_mixin.py:190} INFO - [2026-04-28T21:46:32.147+0000] {dagbag.py:587} INFO - Filling up the DagBag from /opt/airflow/dags/imdb_sentiment.py
[2026-04-28T21:46:32.159+0000] {logging_mixin.py:190} INFO - [2026-04-28T21:46:32.154+0000] {dagbag.py:386} ERROR - Failed to import: /opt/airflow/dags/imdb_sentiment.py
Traceback (most recent call last):
  File "/home/airflow/.local/lib/python3.12/site-packages/airflow/models/dagbag.py", line 382, in parse
    loader.exec_module(new_module)
  File "<frozen importlib._bootstrap_external>", line 995, in exec_module
  File "<frozen importlib._bootstrap>", line 488, in _call_with_frames_removed
  File "/opt/airflow/dags/imdb_sentiment.py", line 20, in <module>
    import mlflow
ModuleNotFoundError: No module named 'mlflow'
[2026-04-28T21:46:32.160+0000] {processor.py:927} WARNING - No viable dags retrieved from /opt/airflow/dags/imdb_sentiment.py
[2026-04-28T21:46:32.192+0000] {processor.py:208} INFO - Processing /opt/airflow/dags/imdb_sentiment.py took 0.071 seconds
[2026-04-28T21:47:02.487+0000] {processor.py:186} INFO - Started process (PID=377) to work on /opt/airflow/dags/imdb_sentiment.py
[2026-04-28T21:47:02.488+0000] {processor.py:914} INFO - Processing file /opt/airflow/dags/imdb_sentiment.py for tasks to queue
[2026-04-28T21:47:02.491+0000] {logging_mixin.py:190} INFO - [2026-04-28T21:47:02.491+0000] {dagbag.py:587} INFO - Filling up the DagBag from /opt/airflow/dags/imdb_sentiment.py
[2026-04-28T21:47:02.497+0000] {logging_mixin.py:190} INFO - [2026-04-28T21:47:02.496+0000] {dagbag.py:386} ERROR - Failed to import: /opt/airflow/dags/imdb_sentiment.py
Traceback (most recent call last):
  File "/home/airflow/.local/lib/python3.12/site-packages/airflow/models/dagbag.py", line 382, in parse
    loader.exec_module(new_module)
  File "<frozen importlib._bootstrap_external>", line 995, in exec_module
  File "<frozen importlib._bootstrap>", line 488, in _call_with_frames_removed
  File "/opt/airflow/dags/imdb_sentiment.py", line 20, in <module>
    import mlflow
ModuleNotFoundError: No module named 'mlflow'
[2026-04-28T21:47:02.497+0000] {processor.py:927} WARNING - No viable dags retrieved from /opt/airflow/dags/imdb_sentiment.py
[2026-04-28T21:47:02.527+0000] {processor.py:208} INFO - Processing /opt/airflow/dags/imdb_sentiment.py took 0.050 seconds
