[2026-04-20T21:17:33.398+0000] {local_task_job_runner.py:123} INFO - ::group::Pre task execution logs
[2026-04-20T21:17:33.408+0000] {taskinstance.py:2612} INFO - Dependencies all met for dep_context=non-requeueable deps ti=<TaskInstance: imdb_sentiment.train_linearsvc manual__2026-04-20T21:17:29.701986+00:00 [queued]>
[2026-04-20T21:17:33.413+0000] {taskinstance.py:2612} INFO - Dependencies all met for dep_context=requeueable deps ti=<TaskInstance: imdb_sentiment.train_linearsvc manual__2026-04-20T21:17:29.701986+00:00 [queued]>
[2026-04-20T21:17:33.413+0000] {taskinstance.py:2865} INFO - Starting attempt 1 of 2
[2026-04-20T21:17:33.420+0000] {taskinstance.py:2888} INFO - Executing <Task(_PythonDecoratedOperator): train_linearsvc> on 2026-04-20 21:17:29.701986+00:00
[2026-04-20T21:17:33.432+0000] {logging_mixin.py:190} WARNING - /home/***/.local/lib/python3.12/site-packages/***/task/task_runner/standard_task_runner.py:70 DeprecationWarning: This process (pid=525) is multi-threaded, use of fork() may lead to deadlocks in the child.
[2026-04-20T21:17:33.434+0000] {standard_task_runner.py:104} INFO - Running: ['***', 'tasks', 'run', 'imdb_sentiment', 'train_linearsvc', 'manual__2026-04-20T21:17:29.701986+00:00', '--job-id', '10', '--raw', '--subdir', 'DAGS_FOLDER/imdb_sentiment.py', '--cfg-path', '/tmp/tmpw5n9dm5a']
[2026-04-20T21:17:33.437+0000] {standard_task_runner.py:72} INFO - Started process 575 to run task
[2026-04-20T21:17:33.437+0000] {standard_task_runner.py:105} INFO - Job 10: Subtask train_linearsvc
[2026-04-20T21:17:33.481+0000] {task_command.py:467} INFO - Running <TaskInstance: imdb_sentiment.train_linearsvc manual__2026-04-20T21:17:29.701986+00:00 [running]> on host e5c2e71d8293
[2026-04-20T21:17:33.550+0000] {taskinstance.py:3131} INFO - Exporting env vars: AIRFLOW_CTX_DAG_OWNER='ml-team' AIRFLOW_CTX_DAG_ID='imdb_sentiment' AIRFLOW_CTX_TASK_ID='train_linearsvc' AIRFLOW_CTX_EXECUTION_DATE='2026-04-20T21:17:29.701986+00:00' AIRFLOW_CTX_TRY_NUMBER='1' AIRFLOW_CTX_DAG_RUN_ID='manual__2026-04-20T21:17:29.701986+00:00'
[2026-04-20T21:17:33.555+0000] {taskinstance.py:731} INFO - ::endgroup::
[2026-04-20T21:17:33.694+0000] {logging_mixin.py:190} WARNING - 2026/04/20 21:17:33 WARNING mlflow.utils.git_utils: Failed to import Git (the Git executable is probably not on your PATH), so Git SHA is not available. Error: Failed to initialize: Bad git executable.
The git executable must be specified in one of the following ways:
    - be included in your $PATH
    - be set via $GIT_PYTHON_GIT_EXECUTABLE
    - explicitly set via git.refresh(<full-path-to-git-executable>)

All git commands will error until this is rectified.

This initial message can be silenced or aggravated in the future by setting the
$GIT_PYTHON_REFRESH environment variable. Use one of the following values:
    - quiet|q|silence|s|silent|none|n|0: for no message or exception
    - warn|w|warning|log|l|1: for a warning message (logging level CRITICAL, displayed by default)
    - error|e|exception|raise|r|2: for a raised exception

Example:
    export GIT_PYTHON_REFRESH=quiet
[2026-04-20T21:17:36.712+0000] {logging_mixin.py:190} WARNING - Registered model 'imdb-sentiment_LEE' already exists. Creating a new version of this model...
[2026-04-20T21:17:36.754+0000] {logging_mixin.py:190} WARNING - 2026/04/20 21:17:36 INFO mlflow.store.model_registry.abstract_store: Waiting up to 300 seconds for model version to finish creation. Model name: imdb-sentiment_LEE, version 5
[2026-04-20T21:17:36.755+0000] {logging_mixin.py:190} WARNING - Created version '5' of model 'imdb-sentiment_LEE'.
[2026-04-20T21:17:36.756+0000] {imdb_sentiment.py:121} INFO - tfidf-linearsvc | acc=0.3333 | f1=0.5000
[2026-04-20T21:17:36.772+0000] {python.py:240} INFO - Done. Returned value was: {'run_id': '1fe1525f9add474195df23e539ff8a28', 'run_name': 'tfidf-linearsvc', 'accuracy': 0.3333333333333333, 'f1_score': 0.5}
[2026-04-20T21:17:36.826+0000] {taskinstance.py:340} INFO - ::group::Post task execution logs
[2026-04-20T21:17:36.827+0000] {taskinstance.py:352} INFO - Marking task as SUCCESS. dag_id=imdb_sentiment, task_id=train_linearsvc, run_id=manual__2026-04-20T21:17:29.701986+00:00, execution_date=20260420T211729, start_date=20260420T211733, end_date=20260420T211736
[2026-04-20T21:17:36.854+0000] {local_task_job_runner.py:266} INFO - Task exited with return code 0
[2026-04-20T21:17:36.875+0000] {taskinstance.py:3900} INFO - 0 downstream tasks scheduled from follow-on schedule check
[2026-04-20T21:17:36.876+0000] {local_task_job_runner.py:245} INFO - ::endgroup::
