[2026-04-20T21:23:00.835+0000] {local_task_job_runner.py:123} INFO - ::group::Pre task execution logs
[2026-04-20T21:23:00.845+0000] {taskinstance.py:2612} INFO - Dependencies all met for dep_context=non-requeueable deps ti=<TaskInstance: imdb_sentiment.train_logistic manual__2026-04-20T21:22:57.012555+00:00 [queued]>
[2026-04-20T21:23:00.849+0000] {taskinstance.py:2612} INFO - Dependencies all met for dep_context=requeueable deps ti=<TaskInstance: imdb_sentiment.train_logistic manual__2026-04-20T21:22:57.012555+00:00 [queued]>
[2026-04-20T21:23:00.849+0000] {taskinstance.py:2865} INFO - Starting attempt 1 of 2
[2026-04-20T21:23:00.855+0000] {taskinstance.py:2888} INFO - Executing <Task(_PythonDecoratedOperator): train_logistic> on 2026-04-20 21:22:57.012555+00:00
[2026-04-20T21:23:00.866+0000] {standard_task_runner.py:104} INFO - Running: ['***', 'tasks', 'run', 'imdb_sentiment', 'train_logistic', 'manual__2026-04-20T21:22:57.012555+00:00', '--job-id', '17', '--raw', '--subdir', 'DAGS_FOLDER/imdb_sentiment.py', '--cfg-path', '/tmp/tmpnsceag4w']
[2026-04-20T21:23:00.868+0000] {logging_mixin.py:190} WARNING - /home/***/.local/lib/python3.12/site-packages/***/task/task_runner/standard_task_runner.py:70 DeprecationWarning: This process (pid=908) is multi-threaded, use of fork() may lead to deadlocks in the child.
[2026-04-20T21:23:00.868+0000] {standard_task_runner.py:105} INFO - Job 17: Subtask train_logistic
[2026-04-20T21:23:00.869+0000] {standard_task_runner.py:72} INFO - Started process 941 to run task
[2026-04-20T21:23:00.910+0000] {task_command.py:467} INFO - Running <TaskInstance: imdb_sentiment.train_logistic manual__2026-04-20T21:22:57.012555+00:00 [running]> on host e5c2e71d8293
[2026-04-20T21:23:00.963+0000] {taskinstance.py:3131} INFO - Exporting env vars: AIRFLOW_CTX_DAG_OWNER='ml-team' AIRFLOW_CTX_DAG_ID='imdb_sentiment' AIRFLOW_CTX_TASK_ID='train_logistic' AIRFLOW_CTX_EXECUTION_DATE='2026-04-20T21:22:57.012555+00:00' AIRFLOW_CTX_TRY_NUMBER='1' AIRFLOW_CTX_DAG_RUN_ID='manual__2026-04-20T21:22:57.012555+00:00'
[2026-04-20T21:23:00.964+0000] {taskinstance.py:731} INFO - ::endgroup::
[2026-04-20T21:23:01.010+0000] {logging_mixin.py:190} WARNING - 2026/04/20 21:23:01 WARNING mlflow.utils.git_utils: Failed to import Git (the Git executable is probably not on your PATH), so Git SHA is not available. Error: Failed to initialize: Bad git executable.
The git executable must be specified in one of the following ways:
    - be included in your $PATH
    - be set via $GIT_PYTHON_GIT_EXECUTABLE
    - explicitly set via git.refresh(<full-path-to-git-executable>)

All git commands will error until this is rectified.

This initial message can be silenced or aggravated in the future by setting the
$GIT_PYTHON_REFRESH environment variable. Use one of the following values:
    - quiet|q|silence|s|silent|none|n|0: for no message or exception
    - warn|w|warning|log|l|1: for a warning message (logging level CRITICAL, displayed by default)
    - error|e|exception|raise|r|2: for a raised exception

Example:
    export GIT_PYTHON_REFRESH=quiet
[2026-04-20T21:23:04.528+0000] {logging_mixin.py:190} WARNING - Registered model 'imdb-sentiment_LEE' already exists. Creating a new version of this model...
[2026-04-20T21:23:04.543+0000] {logging_mixin.py:190} WARNING - 2026/04/20 21:23:04 INFO mlflow.store.model_registry.abstract_store: Waiting up to 300 seconds for model version to finish creation. Model name: imdb-sentiment_LEE, version 8
[2026-04-20T21:23:04.544+0000] {logging_mixin.py:190} WARNING - Created version '8' of model 'imdb-sentiment_LEE'.
[2026-04-20T21:23:04.544+0000] {imdb_sentiment.py:121} INFO - tfidf-logistic | acc=0.3333 | f1=0.5000
[2026-04-20T21:23:04.550+0000] {python.py:240} INFO - Done. Returned value was: {'run_id': '6f109bc63cdf4e12b92a5fae92596a08', 'run_name': 'tfidf-logistic', 'accuracy': 0.3333333333333333, 'f1_score': 0.5}
[2026-04-20T21:23:04.567+0000] {taskinstance.py:340} INFO - ::group::Post task execution logs
[2026-04-20T21:23:04.567+0000] {taskinstance.py:352} INFO - Marking task as SUCCESS. dag_id=imdb_sentiment, task_id=train_logistic, run_id=manual__2026-04-20T21:22:57.012555+00:00, execution_date=20260420T212257, start_date=20260420T212300, end_date=20260420T212304
[2026-04-20T21:23:04.616+0000] {local_task_job_runner.py:266} INFO - Task exited with return code 0
[2026-04-20T21:23:04.641+0000] {taskinstance.py:3900} INFO - 0 downstream tasks scheduled from follow-on schedule check
[2026-04-20T21:23:04.642+0000] {local_task_job_runner.py:245} INFO - ::endgroup::
