[2026-04-29T01:18:49.798+0000] {local_task_job_runner.py:123} INFO - ::group::Pre task execution logs
[2026-04-29T01:18:49.825+0000] {taskinstance.py:2612} INFO - Dependencies all met for dep_context=non-requeueable deps ti=<TaskInstance: Medium_to_Pinecone.create_pinecone_index manual__2026-04-29T01:18:35.074476+00:00 [queued]>
[2026-04-29T01:18:49.837+0000] {taskinstance.py:2612} INFO - Dependencies all met for dep_context=requeueable deps ti=<TaskInstance: Medium_to_Pinecone.create_pinecone_index manual__2026-04-29T01:18:35.074476+00:00 [queued]>
[2026-04-29T01:18:49.837+0000] {taskinstance.py:2865} INFO - Starting attempt 1 of 2
[2026-04-29T01:18:49.852+0000] {taskinstance.py:2888} INFO - Executing <Task(_PythonDecoratedOperator): create_pinecone_index> on 2026-04-29 01:18:35.074476+00:00
[2026-04-29T01:18:49.878+0000] {standard_task_runner.py:104} INFO - Running: ['***', 'tasks', 'run', 'Medium_to_Pinecone', 'create_pinecone_index', 'manual__2026-04-29T01:18:35.074476+00:00', '--job-id', '2', '--raw', '--subdir', 'DAGS_FOLDER/build_pinecone_search.py', '--cfg-path', '/tmp/tmpp00801mm']
[2026-04-29T01:18:49.887+0000] {standard_task_runner.py:105} INFO - Job 2: Subtask create_pinecone_index
[2026-04-29T01:18:49.898+0000] {logging_mixin.py:190} WARNING - /home/***/.local/lib/python3.12/site-packages/***/task/task_runner/standard_task_runner.py:70 DeprecationWarning: This process (pid=5292) is multi-threaded, use of fork() may lead to deadlocks in the child.
[2026-04-29T01:18:49.900+0000] {standard_task_runner.py:72} INFO - Started process 5333 to run task
[2026-04-29T01:18:50.004+0000] {task_command.py:467} INFO - Running <TaskInstance: Medium_to_Pinecone.create_pinecone_index manual__2026-04-29T01:18:35.074476+00:00 [running]> on host b549ef65f58f
[2026-04-29T01:18:50.119+0000] {taskinstance.py:3131} INFO - Exporting env vars: AIRFLOW_CTX_DAG_OWNER='***' AIRFLOW_CTX_DAG_ID='Medium_to_Pinecone' AIRFLOW_CTX_TASK_ID='create_pinecone_index' AIRFLOW_CTX_EXECUTION_DATE='2026-04-29T01:18:35.074476+00:00' AIRFLOW_CTX_TRY_NUMBER='1' AIRFLOW_CTX_DAG_RUN_ID='manual__2026-04-29T01:18:35.074476+00:00'
[2026-04-29T01:18:50.121+0000] {taskinstance.py:731} INFO - ::endgroup::
[2026-04-29T01:18:50.138+0000] {discover_namespace_packages.py:12} INFO - Discovering subpackages in _NamespacePath(['/home/***/.local/lib/python3.12/site-packages/pinecone_plugins'])
[2026-04-29T01:18:50.140+0000] {discover_plugins.py:9} INFO - Looking for plugins in pinecone_plugins.inference
[2026-04-29T01:18:50.214+0000] {installation.py:10} INFO - Installing plugin inference into Pinecone
[2026-04-29T01:18:51.488+0000] {taskinstance.py:3310} ERROR - Task failed with exception
Traceback (most recent call last):
  File "/home/airflow/.local/lib/python3.12/site-packages/airflow/models/taskinstance.py", line 767, in _execute_task
    result = _execute_callable(context=context, **execute_callable_kwargs)
             ^^^^^^^^^^^^^^^^^^^^^^^^^^^^^^^^^^^^^^^^^^^^^^^^^^^^^^^^^^^^^
  File "/home/airflow/.local/lib/python3.12/site-packages/airflow/models/taskinstance.py", line 733, in _execute_callable
    return ExecutionCallableRunner(
           ^^^^^^^^^^^^^^^^^^^^^^^^
  File "/home/airflow/.local/lib/python3.12/site-packages/airflow/utils/operator_helpers.py", line 252, in run
    return self.func(*args, **kwargs)
           ^^^^^^^^^^^^^^^^^^^^^^^^^^
  File "/home/airflow/.local/lib/python3.12/site-packages/airflow/models/baseoperator.py", line 406, in wrapper
    return func(self, *args, **kwargs)
           ^^^^^^^^^^^^^^^^^^^^^^^^^^^
  File "/home/airflow/.local/lib/python3.12/site-packages/airflow/decorators/base.py", line 266, in execute
    return_value = super().execute(context)
                   ^^^^^^^^^^^^^^^^^^^^^^^^
  File "/home/airflow/.local/lib/python3.12/site-packages/airflow/models/baseoperator.py", line 406, in wrapper
    return func(self, *args, **kwargs)
           ^^^^^^^^^^^^^^^^^^^^^^^^^^^
  File "/home/airflow/.local/lib/python3.12/site-packages/airflow/operators/python.py", line 238, in execute
    return_value = self.execute_callable()
                   ^^^^^^^^^^^^^^^^^^^^^^^
  File "/home/airflow/.local/lib/python3.12/site-packages/airflow/operators/python.py", line 256, in execute_callable
    return runner.run(*self.op_args, **self.op_kwargs)
           ^^^^^^^^^^^^^^^^^^^^^^^^^^^^^^^^^^^^^^^^^^^
  File "/home/airflow/.local/lib/python3.12/site-packages/airflow/utils/operator_helpers.py", line 252, in run
    return self.func(*args, **kwargs)
           ^^^^^^^^^^^^^^^^^^^^^^^^^^
  File "/opt/airflow/dags/build_pinecone_search.py", line 111, in create_pinecone_index
    pc.create_index(
  File "/home/airflow/.local/lib/python3.12/site-packages/pinecone/control/pinecone.py", line 384, in create_index
    api_instance.create_index(
  File "/home/airflow/.local/lib/python3.12/site-packages/pinecone/core/openapi/shared/api_client.py", line 761, in __call__
    return self.callable(self, *args, **kwargs)
           ^^^^^^^^^^^^^^^^^^^^^^^^^^^^^^^^^^^^
  File "/home/airflow/.local/lib/python3.12/site-packages/pinecone/core/openapi/control/api/manage_indexes_api.py", line 273, in __create_index
    return self.call_with_http_info(**kwargs)
           ^^^^^^^^^^^^^^^^^^^^^^^^^^^^^^^^^^
  File "/home/airflow/.local/lib/python3.12/site-packages/pinecone/core/openapi/shared/api_client.py", line 819, in call_with_http_info
    return self.api_client.call_api(
           ^^^^^^^^^^^^^^^^^^^^^^^^^
  File "/home/airflow/.local/lib/python3.12/site-packages/pinecone/core/openapi/shared/api_client.py", line 380, in call_api
    return self.__call_api(
           ^^^^^^^^^^^^^^^^
  File "/home/airflow/.local/lib/python3.12/site-packages/pinecone/core/openapi/shared/api_client.py", line 187, in __call_api
    raise e
  File "/home/airflow/.local/lib/python3.12/site-packages/pinecone/core/openapi/shared/api_client.py", line 175, in __call_api
    response_data = self.request(
                    ^^^^^^^^^^^^^
  File "/home/airflow/.local/lib/python3.12/site-packages/pinecone/core/openapi/shared/api_client.py", line 460, in request
    return self.rest_client.POST(
           ^^^^^^^^^^^^^^^^^^^^^^
  File "/home/airflow/.local/lib/python3.12/site-packages/pinecone/core/openapi/shared/rest.py", line 345, in POST
    return self.request(
           ^^^^^^^^^^^^^
  File "/home/airflow/.local/lib/python3.12/site-packages/pinecone/core/openapi/shared/rest.py", line 277, in request
    raise ServiceException(http_resp=r)
pinecone.core.openapi.shared.exceptions.ServiceException: (500)
Reason: Internal Server Error
HTTP response headers: HTTPHeaderDict({'content-type': 'text/plain; charset=utf-8', 'x-pinecone-api-version': '2024-07', 'x-cloud-trace-context': '137938fb4066bb8a37c9ba495f560f3e', 'date': 'Wed, 29 Apr 2026 01:18:51 GMT', 'server': 'Google Frontend', 'Content-Length': '39', 'Via': '1.1 google', 'Alt-Svc': 'h3=":443"; ma=2592000'})
HTTP response body: Internal Error. Please try again later.

[2026-04-29T01:18:51.542+0000] {taskinstance.py:1225} INFO - Marking task as UP_FOR_RETRY. dag_id=Medium_to_Pinecone, task_id=create_pinecone_index, run_id=manual__2026-04-29T01:18:35.074476+00:00, execution_date=20260429T011835, start_date=20260429T011849, end_date=20260429T011851
[2026-04-29T01:18:51.569+0000] {taskinstance.py:340} INFO - ::group::Post task execution logs
[2026-04-29T01:18:51.571+0000] {standard_task_runner.py:124} ERROR - Failed to execute job 2 for task create_pinecone_index ((500)
Reason: Internal Server Error
HTTP response headers: HTTPHeaderDict({'content-type': 'text/plain; charset=utf-8', 'x-pinecone-api-version': '2024-07', 'x-cloud-trace-context': '137938fb4066bb8a37c9ba495f560f3e', 'date': 'Wed, 29 Apr 2026 01:18:51 GMT', 'server': 'Google Frontend', 'Content-Length': '39', 'Via': '1.1 google', 'Alt-Svc': 'h3=":443"; ma=2592000'})
HTTP response body: Internal Error. Please try again later.
; 5333)
Traceback (most recent call last):
  File "/home/airflow/.local/lib/python3.12/site-packages/airflow/task/task_runner/standard_task_runner.py", line 117, in _start_by_fork
    ret = args.func(args, dag=self.dag)
          ^^^^^^^^^^^^^^^^^^^^^^^^^^^^^
  File "/home/airflow/.local/lib/python3.12/site-packages/airflow/cli/cli_config.py", line 49, in command
    return func(*args, **kwargs)
           ^^^^^^^^^^^^^^^^^^^^^
  File "/home/airflow/.local/lib/python3.12/site-packages/airflow/utils/cli.py", line 115, in wrapper
    return f(*args, **kwargs)
           ^^^^^^^^^^^^^^^^^^
  File "/home/airflow/.local/lib/python3.12/site-packages/airflow/cli/commands/task_command.py", line 483, in task_run
    task_return_code = _run_task_by_selected_method(args, _dag, ti)
                       ^^^^^^^^^^^^^^^^^^^^^^^^^^^^^^^^^^^^^^^^^^^^
  File "/home/airflow/.local/lib/python3.12/site-packages/airflow/cli/commands/task_command.py", line 256, in _run_task_by_selected_method
    return _run_raw_task(args, ti)
           ^^^^^^^^^^^^^^^^^^^^^^^
  File "/home/airflow/.local/lib/python3.12/site-packages/airflow/cli/commands/task_command.py", line 341, in _run_raw_task
    return ti._run_raw_task(
           ^^^^^^^^^^^^^^^^^
  File "/home/airflow/.local/lib/python3.12/site-packages/airflow/utils/session.py", line 97, in wrapper
    return func(*args, session=session, **kwargs)
           ^^^^^^^^^^^^^^^^^^^^^^^^^^^^^^^^^^^^^^
  File "/home/airflow/.local/lib/python3.12/site-packages/airflow/models/taskinstance.py", line 3004, in _run_raw_task
    return _run_raw_task(
           ^^^^^^^^^^^^^^
  File "/home/airflow/.local/lib/python3.12/site-packages/airflow/models/taskinstance.py", line 273, in _run_raw_task
    TaskInstance._execute_task_with_callbacks(
  File "/home/airflow/.local/lib/python3.12/site-packages/airflow/models/taskinstance.py", line 3158, in _execute_task_with_callbacks
    result = self._execute_task(context, task_orig)
             ^^^^^^^^^^^^^^^^^^^^^^^^^^^^^^^^^^^^^^
  File "/home/airflow/.local/lib/python3.12/site-packages/airflow/models/taskinstance.py", line 3182, in _execute_task
    return _execute_task(self, context, task_orig)
           ^^^^^^^^^^^^^^^^^^^^^^^^^^^^^^^^^^^^^^^
  File "/home/airflow/.local/lib/python3.12/site-packages/airflow/models/taskinstance.py", line 767, in _execute_task
    result = _execute_callable(context=context, **execute_callable_kwargs)
             ^^^^^^^^^^^^^^^^^^^^^^^^^^^^^^^^^^^^^^^^^^^^^^^^^^^^^^^^^^^^^
  File "/home/airflow/.local/lib/python3.12/site-packages/airflow/models/taskinstance.py", line 733, in _execute_callable
    return ExecutionCallableRunner(
           ^^^^^^^^^^^^^^^^^^^^^^^^
  File "/home/airflow/.local/lib/python3.12/site-packages/airflow/utils/operator_helpers.py", line 252, in run
    return self.func(*args, **kwargs)
           ^^^^^^^^^^^^^^^^^^^^^^^^^^
  File "/home/airflow/.local/lib/python3.12/site-packages/airflow/models/baseoperator.py", line 406, in wrapper
    return func(self, *args, **kwargs)
           ^^^^^^^^^^^^^^^^^^^^^^^^^^^
  File "/home/airflow/.local/lib/python3.12/site-packages/airflow/decorators/base.py", line 266, in execute
    return_value = super().execute(context)
                   ^^^^^^^^^^^^^^^^^^^^^^^^
  File "/home/airflow/.local/lib/python3.12/site-packages/airflow/models/baseoperator.py", line 406, in wrapper
    return func(self, *args, **kwargs)
           ^^^^^^^^^^^^^^^^^^^^^^^^^^^
  File "/home/airflow/.local/lib/python3.12/site-packages/airflow/operators/python.py", line 238, in execute
    return_value = self.execute_callable()
                   ^^^^^^^^^^^^^^^^^^^^^^^
  File "/home/airflow/.local/lib/python3.12/site-packages/airflow/operators/python.py", line 256, in execute_callable
    return runner.run(*self.op_args, **self.op_kwargs)
           ^^^^^^^^^^^^^^^^^^^^^^^^^^^^^^^^^^^^^^^^^^^
  File "/home/airflow/.local/lib/python3.12/site-packages/airflow/utils/operator_helpers.py", line 252, in run
    return self.func(*args, **kwargs)
           ^^^^^^^^^^^^^^^^^^^^^^^^^^
  File "/opt/airflow/dags/build_pinecone_search.py", line 111, in create_pinecone_index
    pc.create_index(
  File "/home/airflow/.local/lib/python3.12/site-packages/pinecone/control/pinecone.py", line 384, in create_index
    api_instance.create_index(
  File "/home/airflow/.local/lib/python3.12/site-packages/pinecone/core/openapi/shared/api_client.py", line 761, in __call__
    return self.callable(self, *args, **kwargs)
           ^^^^^^^^^^^^^^^^^^^^^^^^^^^^^^^^^^^^
  File "/home/airflow/.local/lib/python3.12/site-packages/pinecone/core/openapi/control/api/manage_indexes_api.py", line 273, in __create_index
    return self.call_with_http_info(**kwargs)
           ^^^^^^^^^^^^^^^^^^^^^^^^^^^^^^^^^^
  File "/home/airflow/.local/lib/python3.12/site-packages/pinecone/core/openapi/shared/api_client.py", line 819, in call_with_http_info
    return self.api_client.call_api(
           ^^^^^^^^^^^^^^^^^^^^^^^^^
  File "/home/airflow/.local/lib/python3.12/site-packages/pinecone/core/openapi/shared/api_client.py", line 380, in call_api
    return self.__call_api(
           ^^^^^^^^^^^^^^^^
  File "/home/airflow/.local/lib/python3.12/site-packages/pinecone/core/openapi/shared/api_client.py", line 187, in __call_api
    raise e
  File "/home/airflow/.local/lib/python3.12/site-packages/pinecone/core/openapi/shared/api_client.py", line 175, in __call_api
    response_data = self.request(
                    ^^^^^^^^^^^^^
  File "/home/airflow/.local/lib/python3.12/site-packages/pinecone/core/openapi/shared/api_client.py", line 460, in request
    return self.rest_client.POST(
           ^^^^^^^^^^^^^^^^^^^^^^
  File "/home/airflow/.local/lib/python3.12/site-packages/pinecone/core/openapi/shared/rest.py", line 345, in POST
    return self.request(
           ^^^^^^^^^^^^^
  File "/home/airflow/.local/lib/python3.12/site-packages/pinecone/core/openapi/shared/rest.py", line 277, in request
    raise ServiceException(http_resp=r)
pinecone.core.openapi.shared.exceptions.ServiceException: (500)
Reason: Internal Server Error
HTTP response headers: HTTPHeaderDict({'content-type': 'text/plain; charset=utf-8', 'x-pinecone-api-version': '2024-07', 'x-cloud-trace-context': '137938fb4066bb8a37c9ba495f560f3e', 'date': 'Wed, 29 Apr 2026 01:18:51 GMT', 'server': 'Google Frontend', 'Content-Length': '39', 'Via': '1.1 google', 'Alt-Svc': 'h3=":443"; ma=2592000'})
HTTP response body: Internal Error. Please try again later.

[2026-04-29T01:18:51.601+0000] {local_task_job_runner.py:266} INFO - Task exited with return code 1
[2026-04-29T01:18:51.628+0000] {taskinstance.py:3900} INFO - 0 downstream tasks scheduled from follow-on schedule check
[2026-04-29T01:18:51.630+0000] {local_task_job_runner.py:245} INFO - ::endgroup::
