[2026-04-20T21:17:31.356+0000] {local_task_job_runner.py:123} INFO - ::group::Pre task execution logs
[2026-04-20T21:17:31.368+0000] {taskinstance.py:2612} INFO - Dependencies all met for dep_context=non-requeueable deps ti=<TaskInstance: imdb_sentiment.train_logistic manual__2026-04-20T21:15:25.766266+00:00 [queued]>
[2026-04-20T21:17:31.376+0000] {taskinstance.py:2612} INFO - Dependencies all met for dep_context=requeueable deps ti=<TaskInstance: imdb_sentiment.train_logistic manual__2026-04-20T21:15:25.766266+00:00 [queued]>
[2026-04-20T21:17:31.377+0000] {taskinstance.py:2865} INFO - Starting attempt 2 of 2
[2026-04-20T21:17:31.386+0000] {taskinstance.py:2888} INFO - Executing <Task(_PythonDecoratedOperator): train_logistic> on 2026-04-20 21:15:25.766266+00:00
[2026-04-20T21:17:31.395+0000] {logging_mixin.py:190} WARNING - /home/***/.local/lib/python3.12/site-packages/***/task/task_runner/standard_task_runner.py:70 DeprecationWarning: This process (pid=492) is multi-threaded, use of fork() may lead to deadlocks in the child.
[2026-04-20T21:17:31.395+0000] {standard_task_runner.py:104} INFO - Running: ['***', 'tasks', 'run', 'imdb_sentiment', 'train_logistic', 'manual__2026-04-20T21:15:25.766266+00:00', '--job-id', '6', '--raw', '--subdir', 'DAGS_FOLDER/imdb_sentiment.py', '--cfg-path', '/tmp/tmpl3m4wvum']
[2026-04-20T21:17:31.396+0000] {standard_task_runner.py:72} INFO - Started process 511 to run task
[2026-04-20T21:17:31.397+0000] {standard_task_runner.py:105} INFO - Job 6: Subtask train_logistic
[2026-04-20T21:17:31.432+0000] {task_command.py:467} INFO - Running <TaskInstance: imdb_sentiment.train_logistic manual__2026-04-20T21:15:25.766266+00:00 [running]> on host e5c2e71d8293
[2026-04-20T21:17:31.475+0000] {taskinstance.py:3131} INFO - Exporting env vars: AIRFLOW_CTX_DAG_OWNER='ml-team' AIRFLOW_CTX_DAG_ID='imdb_sentiment' AIRFLOW_CTX_TASK_ID='train_logistic' AIRFLOW_CTX_EXECUTION_DATE='2026-04-20T21:15:25.766266+00:00' AIRFLOW_CTX_TRY_NUMBER='2' AIRFLOW_CTX_DAG_RUN_ID='manual__2026-04-20T21:15:25.766266+00:00'
[2026-04-20T21:17:31.475+0000] {taskinstance.py:731} INFO - ::endgroup::
[2026-04-20T21:17:31.531+0000] {logging_mixin.py:190} WARNING - 2026/04/20 21:17:31 WARNING mlflow.utils.git_utils: Failed to import Git (the Git executable is probably not on your PATH), so Git SHA is not available. Error: Failed to initialize: Bad git executable.
The git executable must be specified in one of the following ways:
    - be included in your $PATH
    - be set via $GIT_PYTHON_GIT_EXECUTABLE
    - explicitly set via git.refresh(<full-path-to-git-executable>)

All git commands will error until this is rectified.

This initial message can be silenced or aggravated in the future by setting the
$GIT_PYTHON_REFRESH environment variable. Use one of the following values:
    - quiet|q|silence|s|silent|none|n|0: for no message or exception
    - warn|w|warning|log|l|1: for a warning message (logging level CRITICAL, displayed by default)
    - error|e|exception|raise|r|2: for a raised exception

Example:
    export GIT_PYTHON_REFRESH=quiet
[2026-04-20T21:17:34.199+0000] {logging_mixin.py:190} WARNING - Registered model 'imdb-sentiment_LEE' already exists. Creating a new version of this model...
[2026-04-20T21:17:34.228+0000] {logging_mixin.py:190} WARNING - 2026/04/20 21:17:34 INFO mlflow.store.model_registry.abstract_store: Waiting up to 300 seconds for model version to finish creation. Model name: imdb-sentiment_LEE, version 3
[2026-04-20T21:17:34.229+0000] {logging_mixin.py:190} WARNING - Created version '3' of model 'imdb-sentiment_LEE'.
[2026-04-20T21:17:34.229+0000] {imdb_sentiment.py:121} INFO - tfidf-logistic | acc=0.3333 | f1=0.5000
[2026-04-20T21:17:34.244+0000] {python.py:240} INFO - Done. Returned value was: {'run_id': '18a422280142490a9840fcfc686539c8', 'run_name': 'tfidf-logistic', 'accuracy': 0.3333333333333333, 'f1_score': 0.5}
[2026-04-20T21:17:34.270+0000] {taskinstance.py:340} INFO - ::group::Post task execution logs
[2026-04-20T21:17:34.270+0000] {taskinstance.py:352} INFO - Marking task as SUCCESS. dag_id=imdb_sentiment, task_id=train_logistic, run_id=manual__2026-04-20T21:15:25.766266+00:00, execution_date=20260420T211525, start_date=20260420T211731, end_date=20260420T211734
[2026-04-20T21:17:34.318+0000] {local_task_job_runner.py:266} INFO - Task exited with return code 0
[2026-04-20T21:17:34.385+0000] {taskinstance.py:3900} INFO - 1 downstream tasks scheduled from follow-on schedule check
[2026-04-20T21:17:34.386+0000] {local_task_job_runner.py:245} INFO - ::endgroup::
