[2026-04-20T21:14:39.682+0000] {processor.py:186} INFO - Started process (PID=271) to work on /opt/airflow/dags/imdb_sentiment.py
[2026-04-20T21:14:39.686+0000] {processor.py:914} INFO - Processing file /opt/airflow/dags/imdb_sentiment.py for tasks to queue
[2026-04-20T21:14:39.690+0000] {logging_mixin.py:190} INFO - [2026-04-20T21:14:39.689+0000] {dagbag.py:587} INFO - Filling up the DagBag from /opt/airflow/dags/imdb_sentiment.py
[2026-04-20T21:14:41.734+0000] {processor.py:925} INFO - DAG(s) 'imdb_sentiment' retrieved from /opt/airflow/dags/imdb_sentiment.py
[2026-04-20T21:14:41.807+0000] {logging_mixin.py:190} INFO - [2026-04-20T21:14:41.806+0000] {override.py:1900} INFO - Created Permission View: can read on DAG:imdb_sentiment
[2026-04-20T21:14:41.813+0000] {logging_mixin.py:190} INFO - [2026-04-20T21:14:41.813+0000] {override.py:1900} INFO - Created Permission View: can edit on DAG:imdb_sentiment
[2026-04-20T21:14:41.816+0000] {logging_mixin.py:190} INFO - [2026-04-20T21:14:41.816+0000] {override.py:1900} INFO - Created Permission View: can delete on DAG:imdb_sentiment
[2026-04-20T21:14:41.818+0000] {logging_mixin.py:190} INFO - [2026-04-20T21:14:41.818+0000] {override.py:1900} INFO - Created Permission View: can read on DAG Run:imdb_sentiment
[2026-04-20T21:14:41.820+0000] {logging_mixin.py:190} INFO - [2026-04-20T21:14:41.820+0000] {override.py:1900} INFO - Created Permission View: menu access on DAG Run:imdb_sentiment
[2026-04-20T21:14:41.821+0000] {logging_mixin.py:190} INFO - [2026-04-20T21:14:41.821+0000] {override.py:1900} INFO - Created Permission View: can delete on DAG Run:imdb_sentiment
[2026-04-20T21:14:41.823+0000] {logging_mixin.py:190} INFO - [2026-04-20T21:14:41.823+0000] {override.py:1900} INFO - Created Permission View: can create on DAG Run:imdb_sentiment
[2026-04-20T21:14:41.823+0000] {logging_mixin.py:190} INFO - [2026-04-20T21:14:41.823+0000] {dag.py:3229} INFO - Sync 1 DAGs
[2026-04-20T21:14:41.828+0000] {logging_mixin.py:190} INFO - [2026-04-20T21:14:41.828+0000] {dag.py:3252} INFO - Creating ORM DAG for imdb_sentiment
[2026-04-20T21:14:41.828+0000] {logging_mixin.py:190} INFO - [2026-04-20T21:14:41.828+0000] {dag.py:4156} INFO - Setting next_dagrun for imdb_sentiment to None, run_after=None
[2026-04-20T21:14:41.839+0000] {processor.py:208} INFO - Processing /opt/airflow/dags/imdb_sentiment.py took 2.165 seconds
[2026-04-20T21:15:11.962+0000] {processor.py:186} INFO - Started process (PID=311) to work on /opt/airflow/dags/imdb_sentiment.py
[2026-04-20T21:15:11.963+0000] {processor.py:914} INFO - Processing file /opt/airflow/dags/imdb_sentiment.py for tasks to queue
[2026-04-20T21:15:11.965+0000] {logging_mixin.py:190} INFO - [2026-04-20T21:15:11.965+0000] {dagbag.py:587} INFO - Filling up the DagBag from /opt/airflow/dags/imdb_sentiment.py
[2026-04-20T21:15:12.880+0000] {processor.py:925} INFO - DAG(s) 'imdb_sentiment' retrieved from /opt/airflow/dags/imdb_sentiment.py
[2026-04-20T21:15:12.887+0000] {logging_mixin.py:190} INFO - [2026-04-20T21:15:12.887+0000] {dag.py:3229} INFO - Sync 1 DAGs
[2026-04-20T21:15:12.893+0000] {logging_mixin.py:190} INFO - [2026-04-20T21:15:12.892+0000] {dag.py:4156} INFO - Setting next_dagrun for imdb_sentiment to None, run_after=None
[2026-04-20T21:15:12.900+0000] {processor.py:208} INFO - Processing /opt/airflow/dags/imdb_sentiment.py took 0.944 seconds
[2026-04-20T21:15:43.267+0000] {processor.py:186} INFO - Started process (PID=417) to work on /opt/airflow/dags/imdb_sentiment.py
[2026-04-20T21:15:43.269+0000] {processor.py:914} INFO - Processing file /opt/airflow/dags/imdb_sentiment.py for tasks to queue
[2026-04-20T21:15:43.271+0000] {logging_mixin.py:190} INFO - [2026-04-20T21:15:43.271+0000] {dagbag.py:587} INFO - Filling up the DagBag from /opt/airflow/dags/imdb_sentiment.py
[2026-04-20T21:15:44.126+0000] {processor.py:925} INFO - DAG(s) 'imdb_sentiment' retrieved from /opt/airflow/dags/imdb_sentiment.py
[2026-04-20T21:15:44.132+0000] {logging_mixin.py:190} INFO - [2026-04-20T21:15:44.131+0000] {dag.py:3229} INFO - Sync 1 DAGs
[2026-04-20T21:15:44.136+0000] {logging_mixin.py:190} INFO - [2026-04-20T21:15:44.136+0000] {dag.py:4156} INFO - Setting next_dagrun for imdb_sentiment to None, run_after=None
[2026-04-20T21:15:44.142+0000] {processor.py:208} INFO - Processing /opt/airflow/dags/imdb_sentiment.py took 0.881 seconds
[2026-04-20T21:16:14.471+0000] {processor.py:186} INFO - Started process (PID=437) to work on /opt/airflow/dags/imdb_sentiment.py
[2026-04-20T21:16:14.475+0000] {processor.py:914} INFO - Processing file /opt/airflow/dags/imdb_sentiment.py for tasks to queue
[2026-04-20T21:16:14.478+0000] {logging_mixin.py:190} INFO - [2026-04-20T21:16:14.478+0000] {dagbag.py:587} INFO - Filling up the DagBag from /opt/airflow/dags/imdb_sentiment.py
[2026-04-20T21:16:15.500+0000] {processor.py:925} INFO - DAG(s) 'imdb_sentiment' retrieved from /opt/airflow/dags/imdb_sentiment.py
[2026-04-20T21:16:15.510+0000] {logging_mixin.py:190} INFO - [2026-04-20T21:16:15.509+0000] {dag.py:3229} INFO - Sync 1 DAGs
[2026-04-20T21:16:15.518+0000] {logging_mixin.py:190} INFO - [2026-04-20T21:16:15.518+0000] {dag.py:4156} INFO - Setting next_dagrun for imdb_sentiment to None, run_after=None
[2026-04-20T21:16:15.526+0000] {processor.py:208} INFO - Processing /opt/airflow/dags/imdb_sentiment.py took 1.069 seconds
[2026-04-20T21:16:45.884+0000] {processor.py:186} INFO - Started process (PID=457) to work on /opt/airflow/dags/imdb_sentiment.py
[2026-04-20T21:16:45.885+0000] {processor.py:914} INFO - Processing file /opt/airflow/dags/imdb_sentiment.py for tasks to queue
[2026-04-20T21:16:45.888+0000] {logging_mixin.py:190} INFO - [2026-04-20T21:16:45.887+0000] {dagbag.py:587} INFO - Filling up the DagBag from /opt/airflow/dags/imdb_sentiment.py
[2026-04-20T21:16:46.808+0000] {processor.py:925} INFO - DAG(s) 'imdb_sentiment' retrieved from /opt/airflow/dags/imdb_sentiment.py
[2026-04-20T21:16:46.814+0000] {logging_mixin.py:190} INFO - [2026-04-20T21:16:46.814+0000] {dag.py:3229} INFO - Sync 1 DAGs
[2026-04-20T21:16:46.820+0000] {logging_mixin.py:190} INFO - [2026-04-20T21:16:46.820+0000] {dag.py:4156} INFO - Setting next_dagrun for imdb_sentiment to None, run_after=None
[2026-04-20T21:16:46.825+0000] {processor.py:208} INFO - Processing /opt/airflow/dags/imdb_sentiment.py took 0.947 seconds
[2026-04-20T21:17:17.208+0000] {processor.py:186} INFO - Started process (PID=477) to work on /opt/airflow/dags/imdb_sentiment.py
[2026-04-20T21:17:17.209+0000] {processor.py:914} INFO - Processing file /opt/airflow/dags/imdb_sentiment.py for tasks to queue
[2026-04-20T21:17:17.216+0000] {logging_mixin.py:190} INFO - [2026-04-20T21:17:17.216+0000] {dagbag.py:587} INFO - Filling up the DagBag from /opt/airflow/dags/imdb_sentiment.py
[2026-04-20T21:17:18.272+0000] {processor.py:925} INFO - DAG(s) 'imdb_sentiment' retrieved from /opt/airflow/dags/imdb_sentiment.py
[2026-04-20T21:17:18.283+0000] {logging_mixin.py:190} INFO - [2026-04-20T21:17:18.283+0000] {dag.py:3229} INFO - Sync 1 DAGs
[2026-04-20T21:17:18.290+0000] {logging_mixin.py:190} INFO - [2026-04-20T21:17:18.290+0000] {dag.py:4156} INFO - Setting next_dagrun for imdb_sentiment to None, run_after=None
[2026-04-20T21:17:18.297+0000] {processor.py:208} INFO - Processing /opt/airflow/dags/imdb_sentiment.py took 1.096 seconds
[2026-04-20T21:17:48.576+0000] {processor.py:186} INFO - Started process (PID=696) to work on /opt/airflow/dags/imdb_sentiment.py
[2026-04-20T21:17:48.578+0000] {processor.py:914} INFO - Processing file /opt/airflow/dags/imdb_sentiment.py for tasks to queue
[2026-04-20T21:17:48.581+0000] {logging_mixin.py:190} INFO - [2026-04-20T21:17:48.580+0000] {dagbag.py:587} INFO - Filling up the DagBag from /opt/airflow/dags/imdb_sentiment.py
[2026-04-20T21:17:49.863+0000] {processor.py:925} INFO - DAG(s) 'imdb_sentiment' retrieved from /opt/airflow/dags/imdb_sentiment.py
[2026-04-20T21:17:49.873+0000] {logging_mixin.py:190} INFO - [2026-04-20T21:17:49.873+0000] {dag.py:3229} INFO - Sync 1 DAGs
[2026-04-20T21:17:49.879+0000] {logging_mixin.py:190} INFO - [2026-04-20T21:17:49.879+0000] {dag.py:4156} INFO - Setting next_dagrun for imdb_sentiment to None, run_after=None
[2026-04-20T21:17:49.888+0000] {processor.py:208} INFO - Processing /opt/airflow/dags/imdb_sentiment.py took 1.319 seconds
[2026-04-20T21:18:20.215+0000] {processor.py:186} INFO - Started process (PID=716) to work on /opt/airflow/dags/imdb_sentiment.py
[2026-04-20T21:18:20.217+0000] {processor.py:914} INFO - Processing file /opt/airflow/dags/imdb_sentiment.py for tasks to queue
[2026-04-20T21:18:20.223+0000] {logging_mixin.py:190} INFO - [2026-04-20T21:18:20.222+0000] {dagbag.py:587} INFO - Filling up the DagBag from /opt/airflow/dags/imdb_sentiment.py
[2026-04-20T21:18:21.256+0000] {processor.py:925} INFO - DAG(s) 'imdb_sentiment' retrieved from /opt/airflow/dags/imdb_sentiment.py
[2026-04-20T21:18:21.265+0000] {logging_mixin.py:190} INFO - [2026-04-20T21:18:21.265+0000] {dag.py:3229} INFO - Sync 1 DAGs
[2026-04-20T21:18:21.272+0000] {logging_mixin.py:190} INFO - [2026-04-20T21:18:21.272+0000] {dag.py:4156} INFO - Setting next_dagrun for imdb_sentiment to None, run_after=None
[2026-04-20T21:18:21.279+0000] {processor.py:208} INFO - Processing /opt/airflow/dags/imdb_sentiment.py took 1.081 seconds
[2026-04-20T21:18:51.533+0000] {processor.py:186} INFO - Started process (PID=736) to work on /opt/airflow/dags/imdb_sentiment.py
[2026-04-20T21:18:51.534+0000] {processor.py:914} INFO - Processing file /opt/airflow/dags/imdb_sentiment.py for tasks to queue
[2026-04-20T21:18:51.537+0000] {logging_mixin.py:190} INFO - [2026-04-20T21:18:51.536+0000] {dagbag.py:587} INFO - Filling up the DagBag from /opt/airflow/dags/imdb_sentiment.py
[2026-04-20T21:18:52.486+0000] {processor.py:925} INFO - DAG(s) 'imdb_sentiment' retrieved from /opt/airflow/dags/imdb_sentiment.py
[2026-04-20T21:18:52.493+0000] {logging_mixin.py:190} INFO - [2026-04-20T21:18:52.493+0000] {dag.py:3229} INFO - Sync 1 DAGs
[2026-04-20T21:18:52.498+0000] {logging_mixin.py:190} INFO - [2026-04-20T21:18:52.497+0000] {dag.py:4156} INFO - Setting next_dagrun for imdb_sentiment to None, run_after=None
[2026-04-20T21:18:52.504+0000] {processor.py:208} INFO - Processing /opt/airflow/dags/imdb_sentiment.py took 0.977 seconds
[2026-04-20T21:19:22.843+0000] {processor.py:186} INFO - Started process (PID=756) to work on /opt/airflow/dags/imdb_sentiment.py
[2026-04-20T21:19:22.844+0000] {processor.py:914} INFO - Processing file /opt/airflow/dags/imdb_sentiment.py for tasks to queue
[2026-04-20T21:19:22.847+0000] {logging_mixin.py:190} INFO - [2026-04-20T21:19:22.847+0000] {dagbag.py:587} INFO - Filling up the DagBag from /opt/airflow/dags/imdb_sentiment.py
[2026-04-20T21:19:23.628+0000] {processor.py:925} INFO - DAG(s) 'imdb_sentiment' retrieved from /opt/airflow/dags/imdb_sentiment.py
[2026-04-20T21:19:23.633+0000] {logging_mixin.py:190} INFO - [2026-04-20T21:19:23.633+0000] {dag.py:3229} INFO - Sync 1 DAGs
[2026-04-20T21:19:23.638+0000] {logging_mixin.py:190} INFO - [2026-04-20T21:19:23.638+0000] {dag.py:4156} INFO - Setting next_dagrun for imdb_sentiment to None, run_after=None
[2026-04-20T21:19:23.643+0000] {processor.py:208} INFO - Processing /opt/airflow/dags/imdb_sentiment.py took 0.805 seconds
[2026-04-20T21:19:54.007+0000] {processor.py:186} INFO - Started process (PID=776) to work on /opt/airflow/dags/imdb_sentiment.py
[2026-04-20T21:19:54.010+0000] {processor.py:914} INFO - Processing file /opt/airflow/dags/imdb_sentiment.py for tasks to queue
[2026-04-20T21:19:54.030+0000] {logging_mixin.py:190} INFO - [2026-04-20T21:19:54.026+0000] {dagbag.py:587} INFO - Filling up the DagBag from /opt/airflow/dags/imdb_sentiment.py
[2026-04-20T21:19:55.353+0000] {processor.py:925} INFO - DAG(s) 'imdb_sentiment' retrieved from /opt/airflow/dags/imdb_sentiment.py
[2026-04-20T21:19:55.359+0000] {logging_mixin.py:190} INFO - [2026-04-20T21:19:55.359+0000] {dag.py:3229} INFO - Sync 1 DAGs
[2026-04-20T21:19:55.364+0000] {logging_mixin.py:190} INFO - [2026-04-20T21:19:55.364+0000] {dag.py:4156} INFO - Setting next_dagrun for imdb_sentiment to None, run_after=None
[2026-04-20T21:19:55.369+0000] {processor.py:208} INFO - Processing /opt/airflow/dags/imdb_sentiment.py took 1.372 seconds
[2026-04-20T21:20:25.756+0000] {processor.py:186} INFO - Started process (PID=796) to work on /opt/airflow/dags/imdb_sentiment.py
[2026-04-20T21:20:25.758+0000] {processor.py:914} INFO - Processing file /opt/airflow/dags/imdb_sentiment.py for tasks to queue
[2026-04-20T21:20:25.759+0000] {logging_mixin.py:190} INFO - [2026-04-20T21:20:25.758+0000] {dagbag.py:587} INFO - Filling up the DagBag from /opt/airflow/dags/imdb_sentiment.py
[2026-04-20T21:20:26.608+0000] {processor.py:925} INFO - DAG(s) 'imdb_sentiment' retrieved from /opt/airflow/dags/imdb_sentiment.py
[2026-04-20T21:20:26.615+0000] {logging_mixin.py:190} INFO - [2026-04-20T21:20:26.614+0000] {dag.py:3229} INFO - Sync 1 DAGs
[2026-04-20T21:20:26.619+0000] {logging_mixin.py:190} INFO - [2026-04-20T21:20:26.619+0000] {dag.py:4156} INFO - Setting next_dagrun for imdb_sentiment to None, run_after=None
[2026-04-20T21:20:26.627+0000] {processor.py:208} INFO - Processing /opt/airflow/dags/imdb_sentiment.py took 0.873 seconds
[2026-04-20T21:20:56.987+0000] {processor.py:186} INFO - Started process (PID=816) to work on /opt/airflow/dags/imdb_sentiment.py
[2026-04-20T21:20:56.990+0000] {processor.py:914} INFO - Processing file /opt/airflow/dags/imdb_sentiment.py for tasks to queue
[2026-04-20T21:20:56.992+0000] {logging_mixin.py:190} INFO - [2026-04-20T21:20:56.992+0000] {dagbag.py:587} INFO - Filling up the DagBag from /opt/airflow/dags/imdb_sentiment.py
[2026-04-20T21:20:57.880+0000] {processor.py:925} INFO - DAG(s) 'imdb_sentiment' retrieved from /opt/airflow/dags/imdb_sentiment.py
[2026-04-20T21:20:57.888+0000] {logging_mixin.py:190} INFO - [2026-04-20T21:20:57.888+0000] {dag.py:3229} INFO - Sync 1 DAGs
[2026-04-20T21:20:57.894+0000] {logging_mixin.py:190} INFO - [2026-04-20T21:20:57.894+0000] {dag.py:4156} INFO - Setting next_dagrun for imdb_sentiment to None, run_after=None
[2026-04-20T21:20:57.899+0000] {processor.py:208} INFO - Processing /opt/airflow/dags/imdb_sentiment.py took 0.918 seconds
[2026-04-20T21:21:28.273+0000] {processor.py:186} INFO - Started process (PID=836) to work on /opt/airflow/dags/imdb_sentiment.py
[2026-04-20T21:21:28.278+0000] {processor.py:914} INFO - Processing file /opt/airflow/dags/imdb_sentiment.py for tasks to queue
[2026-04-20T21:21:28.291+0000] {logging_mixin.py:190} INFO - [2026-04-20T21:21:28.290+0000] {dagbag.py:587} INFO - Filling up the DagBag from /opt/airflow/dags/imdb_sentiment.py
[2026-04-20T21:21:29.210+0000] {processor.py:925} INFO - DAG(s) 'imdb_sentiment' retrieved from /opt/airflow/dags/imdb_sentiment.py
[2026-04-20T21:21:29.218+0000] {logging_mixin.py:190} INFO - [2026-04-20T21:21:29.218+0000] {dag.py:3229} INFO - Sync 1 DAGs
[2026-04-20T21:21:29.224+0000] {logging_mixin.py:190} INFO - [2026-04-20T21:21:29.224+0000] {dag.py:4156} INFO - Setting next_dagrun for imdb_sentiment to None, run_after=None
[2026-04-20T21:21:29.230+0000] {processor.py:208} INFO - Processing /opt/airflow/dags/imdb_sentiment.py took 0.969 seconds
[2026-04-20T21:21:59.614+0000] {processor.py:186} INFO - Started process (PID=856) to work on /opt/airflow/dags/imdb_sentiment.py
[2026-04-20T21:21:59.616+0000] {processor.py:914} INFO - Processing file /opt/airflow/dags/imdb_sentiment.py for tasks to queue
[2026-04-20T21:21:59.618+0000] {logging_mixin.py:190} INFO - [2026-04-20T21:21:59.618+0000] {dagbag.py:587} INFO - Filling up the DagBag from /opt/airflow/dags/imdb_sentiment.py
[2026-04-20T21:22:00.487+0000] {processor.py:925} INFO - DAG(s) 'imdb_sentiment' retrieved from /opt/airflow/dags/imdb_sentiment.py
[2026-04-20T21:22:00.495+0000] {logging_mixin.py:190} INFO - [2026-04-20T21:22:00.495+0000] {dag.py:3229} INFO - Sync 1 DAGs
[2026-04-20T21:22:00.500+0000] {logging_mixin.py:190} INFO - [2026-04-20T21:22:00.500+0000] {dag.py:4156} INFO - Setting next_dagrun for imdb_sentiment to None, run_after=None
[2026-04-20T21:22:00.505+0000] {processor.py:208} INFO - Processing /opt/airflow/dags/imdb_sentiment.py took 0.901 seconds
[2026-04-20T21:22:30.902+0000] {processor.py:186} INFO - Started process (PID=876) to work on /opt/airflow/dags/imdb_sentiment.py
[2026-04-20T21:22:30.903+0000] {processor.py:914} INFO - Processing file /opt/airflow/dags/imdb_sentiment.py for tasks to queue
[2026-04-20T21:22:30.905+0000] {logging_mixin.py:190} INFO - [2026-04-20T21:22:30.904+0000] {dagbag.py:587} INFO - Filling up the DagBag from /opt/airflow/dags/imdb_sentiment.py
[2026-04-20T21:22:32.145+0000] {processor.py:925} INFO - DAG(s) 'imdb_sentiment' retrieved from /opt/airflow/dags/imdb_sentiment.py
[2026-04-20T21:22:32.155+0000] {logging_mixin.py:190} INFO - [2026-04-20T21:22:32.155+0000] {dag.py:3229} INFO - Sync 1 DAGs
[2026-04-20T21:22:32.162+0000] {logging_mixin.py:190} INFO - [2026-04-20T21:22:32.162+0000] {dag.py:4156} INFO - Setting next_dagrun for imdb_sentiment to None, run_after=None
[2026-04-20T21:22:32.171+0000] {processor.py:208} INFO - Processing /opt/airflow/dags/imdb_sentiment.py took 1.281 seconds
[2026-04-20T21:23:02.258+0000] {processor.py:186} INFO - Started process (PID=983) to work on /opt/airflow/dags/imdb_sentiment.py
[2026-04-20T21:23:02.259+0000] {processor.py:914} INFO - Processing file /opt/airflow/dags/imdb_sentiment.py for tasks to queue
[2026-04-20T21:23:02.264+0000] {logging_mixin.py:190} INFO - [2026-04-20T21:23:02.263+0000] {dagbag.py:587} INFO - Filling up the DagBag from /opt/airflow/dags/imdb_sentiment.py
[2026-04-20T21:23:04.462+0000] {processor.py:925} INFO - DAG(s) 'imdb_sentiment' retrieved from /opt/airflow/dags/imdb_sentiment.py
[2026-04-20T21:23:04.486+0000] {logging_mixin.py:190} INFO - [2026-04-20T21:23:04.478+0000] {dag.py:3229} INFO - Sync 1 DAGs
[2026-04-20T21:23:04.499+0000] {logging_mixin.py:190} INFO - [2026-04-20T21:23:04.499+0000] {dag.py:4156} INFO - Setting next_dagrun for imdb_sentiment to None, run_after=None
[2026-04-20T21:23:04.510+0000] {processor.py:208} INFO - Processing /opt/airflow/dags/imdb_sentiment.py took 2.257 seconds
[2026-04-20T21:23:34.917+0000] {processor.py:186} INFO - Started process (PID=1052) to work on /opt/airflow/dags/imdb_sentiment.py
[2026-04-20T21:23:34.919+0000] {processor.py:914} INFO - Processing file /opt/airflow/dags/imdb_sentiment.py for tasks to queue
[2026-04-20T21:23:34.926+0000] {logging_mixin.py:190} INFO - [2026-04-20T21:23:34.925+0000] {dagbag.py:587} INFO - Filling up the DagBag from /opt/airflow/dags/imdb_sentiment.py
[2026-04-20T21:23:36.087+0000] {processor.py:925} INFO - DAG(s) 'imdb_sentiment' retrieved from /opt/airflow/dags/imdb_sentiment.py
[2026-04-20T21:23:36.096+0000] {logging_mixin.py:190} INFO - [2026-04-20T21:23:36.096+0000] {dag.py:3229} INFO - Sync 1 DAGs
[2026-04-20T21:23:36.104+0000] {logging_mixin.py:190} INFO - [2026-04-20T21:23:36.103+0000] {dag.py:4156} INFO - Setting next_dagrun for imdb_sentiment to None, run_after=None
[2026-04-20T21:23:36.117+0000] {processor.py:208} INFO - Processing /opt/airflow/dags/imdb_sentiment.py took 1.212 seconds
[2026-04-20T21:24:06.233+0000] {processor.py:186} INFO - Started process (PID=1072) to work on /opt/airflow/dags/imdb_sentiment.py
[2026-04-20T21:24:06.234+0000] {processor.py:914} INFO - Processing file /opt/airflow/dags/imdb_sentiment.py for tasks to queue
[2026-04-20T21:24:06.237+0000] {logging_mixin.py:190} INFO - [2026-04-20T21:24:06.237+0000] {dagbag.py:587} INFO - Filling up the DagBag from /opt/airflow/dags/imdb_sentiment.py
[2026-04-20T21:24:07.178+0000] {processor.py:925} INFO - DAG(s) 'imdb_sentiment' retrieved from /opt/airflow/dags/imdb_sentiment.py
[2026-04-20T21:24:07.185+0000] {logging_mixin.py:190} INFO - [2026-04-20T21:24:07.184+0000] {dag.py:3229} INFO - Sync 1 DAGs
[2026-04-20T21:24:07.189+0000] {logging_mixin.py:190} INFO - [2026-04-20T21:24:07.189+0000] {dag.py:4156} INFO - Setting next_dagrun for imdb_sentiment to None, run_after=None
[2026-04-20T21:24:07.198+0000] {processor.py:208} INFO - Processing /opt/airflow/dags/imdb_sentiment.py took 0.973 seconds
[2026-04-20T21:24:37.514+0000] {processor.py:186} INFO - Started process (PID=1092) to work on /opt/airflow/dags/imdb_sentiment.py
[2026-04-20T21:24:37.516+0000] {processor.py:914} INFO - Processing file /opt/airflow/dags/imdb_sentiment.py for tasks to queue
[2026-04-20T21:24:37.519+0000] {logging_mixin.py:190} INFO - [2026-04-20T21:24:37.519+0000] {dagbag.py:587} INFO - Filling up the DagBag from /opt/airflow/dags/imdb_sentiment.py
[2026-04-20T21:24:38.621+0000] {processor.py:925} INFO - DAG(s) 'imdb_sentiment' retrieved from /opt/airflow/dags/imdb_sentiment.py
[2026-04-20T21:24:38.627+0000] {logging_mixin.py:190} INFO - [2026-04-20T21:24:38.627+0000] {dag.py:3229} INFO - Sync 1 DAGs
[2026-04-20T21:24:38.632+0000] {logging_mixin.py:190} INFO - [2026-04-20T21:24:38.632+0000] {dag.py:4156} INFO - Setting next_dagrun for imdb_sentiment to None, run_after=None
[2026-04-20T21:24:38.638+0000] {processor.py:208} INFO - Processing /opt/airflow/dags/imdb_sentiment.py took 1.134 seconds
[2026-04-20T21:25:08.876+0000] {processor.py:186} INFO - Started process (PID=1112) to work on /opt/airflow/dags/imdb_sentiment.py
[2026-04-20T21:25:08.877+0000] {processor.py:914} INFO - Processing file /opt/airflow/dags/imdb_sentiment.py for tasks to queue
[2026-04-20T21:25:08.885+0000] {logging_mixin.py:190} INFO - [2026-04-20T21:25:08.885+0000] {dagbag.py:587} INFO - Filling up the DagBag from /opt/airflow/dags/imdb_sentiment.py
[2026-04-20T21:25:09.823+0000] {processor.py:925} INFO - DAG(s) 'imdb_sentiment' retrieved from /opt/airflow/dags/imdb_sentiment.py
[2026-04-20T21:25:09.831+0000] {logging_mixin.py:190} INFO - [2026-04-20T21:25:09.831+0000] {dag.py:3229} INFO - Sync 1 DAGs
[2026-04-20T21:25:09.838+0000] {logging_mixin.py:190} INFO - [2026-04-20T21:25:09.837+0000] {dag.py:4156} INFO - Setting next_dagrun for imdb_sentiment to None, run_after=None
[2026-04-20T21:25:09.846+0000] {processor.py:208} INFO - Processing /opt/airflow/dags/imdb_sentiment.py took 0.978 seconds
[2026-04-20T21:25:40.212+0000] {processor.py:186} INFO - Started process (PID=1132) to work on /opt/airflow/dags/imdb_sentiment.py
[2026-04-20T21:25:40.214+0000] {processor.py:914} INFO - Processing file /opt/airflow/dags/imdb_sentiment.py for tasks to queue
[2026-04-20T21:25:40.219+0000] {logging_mixin.py:190} INFO - [2026-04-20T21:25:40.218+0000] {dagbag.py:587} INFO - Filling up the DagBag from /opt/airflow/dags/imdb_sentiment.py
[2026-04-20T21:25:41.505+0000] {processor.py:925} INFO - DAG(s) 'imdb_sentiment' retrieved from /opt/airflow/dags/imdb_sentiment.py
[2026-04-20T21:25:41.517+0000] {logging_mixin.py:190} INFO - [2026-04-20T21:25:41.517+0000] {dag.py:3229} INFO - Sync 1 DAGs
[2026-04-20T21:25:41.524+0000] {logging_mixin.py:190} INFO - [2026-04-20T21:25:41.524+0000] {dag.py:4156} INFO - Setting next_dagrun for imdb_sentiment to None, run_after=None
[2026-04-20T21:25:41.534+0000] {processor.py:208} INFO - Processing /opt/airflow/dags/imdb_sentiment.py took 1.332 seconds
[2026-04-20T21:26:11.874+0000] {processor.py:186} INFO - Started process (PID=1158) to work on /opt/airflow/dags/imdb_sentiment.py
[2026-04-20T21:26:11.875+0000] {processor.py:914} INFO - Processing file /opt/airflow/dags/imdb_sentiment.py for tasks to queue
[2026-04-20T21:26:11.879+0000] {logging_mixin.py:190} INFO - [2026-04-20T21:26:11.878+0000] {dagbag.py:587} INFO - Filling up the DagBag from /opt/airflow/dags/imdb_sentiment.py
[2026-04-20T21:26:12.752+0000] {processor.py:925} INFO - DAG(s) 'imdb_sentiment' retrieved from /opt/airflow/dags/imdb_sentiment.py
[2026-04-20T21:26:12.759+0000] {logging_mixin.py:190} INFO - [2026-04-20T21:26:12.759+0000] {dag.py:3229} INFO - Sync 1 DAGs
[2026-04-20T21:26:12.763+0000] {logging_mixin.py:190} INFO - [2026-04-20T21:26:12.763+0000] {dag.py:4156} INFO - Setting next_dagrun for imdb_sentiment to None, run_after=None
[2026-04-20T21:26:12.769+0000] {processor.py:208} INFO - Processing /opt/airflow/dags/imdb_sentiment.py took 0.905 seconds
[2026-04-20T21:26:42.874+0000] {processor.py:186} INFO - Started process (PID=1178) to work on /opt/airflow/dags/imdb_sentiment.py
[2026-04-20T21:26:42.875+0000] {processor.py:914} INFO - Processing file /opt/airflow/dags/imdb_sentiment.py for tasks to queue
[2026-04-20T21:26:42.878+0000] {logging_mixin.py:190} INFO - [2026-04-20T21:26:42.878+0000] {dagbag.py:587} INFO - Filling up the DagBag from /opt/airflow/dags/imdb_sentiment.py
[2026-04-20T21:26:43.649+0000] {processor.py:925} INFO - DAG(s) 'imdb_sentiment' retrieved from /opt/airflow/dags/imdb_sentiment.py
[2026-04-20T21:26:43.654+0000] {logging_mixin.py:190} INFO - [2026-04-20T21:26:43.654+0000] {dag.py:3229} INFO - Sync 1 DAGs
[2026-04-20T21:26:43.658+0000] {logging_mixin.py:190} INFO - [2026-04-20T21:26:43.658+0000] {dag.py:4156} INFO - Setting next_dagrun for imdb_sentiment to None, run_after=None
[2026-04-20T21:26:43.663+0000] {processor.py:208} INFO - Processing /opt/airflow/dags/imdb_sentiment.py took 0.797 seconds
[2026-04-20T21:27:14.013+0000] {processor.py:186} INFO - Started process (PID=1198) to work on /opt/airflow/dags/imdb_sentiment.py
[2026-04-20T21:27:14.016+0000] {processor.py:914} INFO - Processing file /opt/airflow/dags/imdb_sentiment.py for tasks to queue
[2026-04-20T21:27:14.019+0000] {logging_mixin.py:190} INFO - [2026-04-20T21:27:14.019+0000] {dagbag.py:587} INFO - Filling up the DagBag from /opt/airflow/dags/imdb_sentiment.py
[2026-04-20T21:27:14.805+0000] {processor.py:925} INFO - DAG(s) 'imdb_sentiment' retrieved from /opt/airflow/dags/imdb_sentiment.py
[2026-04-20T21:27:14.811+0000] {logging_mixin.py:190} INFO - [2026-04-20T21:27:14.811+0000] {dag.py:3229} INFO - Sync 1 DAGs
[2026-04-20T21:27:14.816+0000] {logging_mixin.py:190} INFO - [2026-04-20T21:27:14.816+0000] {dag.py:4156} INFO - Setting next_dagrun for imdb_sentiment to None, run_after=None
[2026-04-20T21:27:14.822+0000] {processor.py:208} INFO - Processing /opt/airflow/dags/imdb_sentiment.py took 0.817 seconds
[2026-04-20T21:27:45.200+0000] {processor.py:186} INFO - Started process (PID=1218) to work on /opt/airflow/dags/imdb_sentiment.py
[2026-04-20T21:27:45.203+0000] {processor.py:914} INFO - Processing file /opt/airflow/dags/imdb_sentiment.py for tasks to queue
[2026-04-20T21:27:45.211+0000] {logging_mixin.py:190} INFO - [2026-04-20T21:27:45.211+0000] {dagbag.py:587} INFO - Filling up the DagBag from /opt/airflow/dags/imdb_sentiment.py
[2026-04-20T21:27:46.328+0000] {processor.py:925} INFO - DAG(s) 'imdb_sentiment' retrieved from /opt/airflow/dags/imdb_sentiment.py
[2026-04-20T21:27:46.337+0000] {logging_mixin.py:190} INFO - [2026-04-20T21:27:46.337+0000] {dag.py:3229} INFO - Sync 1 DAGs
[2026-04-20T21:27:46.346+0000] {logging_mixin.py:190} INFO - [2026-04-20T21:27:46.346+0000] {dag.py:4156} INFO - Setting next_dagrun for imdb_sentiment to None, run_after=None
[2026-04-20T21:27:46.355+0000] {processor.py:208} INFO - Processing /opt/airflow/dags/imdb_sentiment.py took 1.164 seconds
[2026-04-20T21:28:16.535+0000] {processor.py:186} INFO - Started process (PID=1238) to work on /opt/airflow/dags/imdb_sentiment.py
[2026-04-20T21:28:16.538+0000] {processor.py:914} INFO - Processing file /opt/airflow/dags/imdb_sentiment.py for tasks to queue
[2026-04-20T21:28:16.542+0000] {logging_mixin.py:190} INFO - [2026-04-20T21:28:16.541+0000] {dagbag.py:587} INFO - Filling up the DagBag from /opt/airflow/dags/imdb_sentiment.py
[2026-04-20T21:28:17.583+0000] {processor.py:925} INFO - DAG(s) 'imdb_sentiment' retrieved from /opt/airflow/dags/imdb_sentiment.py
[2026-04-20T21:28:17.597+0000] {logging_mixin.py:190} INFO - [2026-04-20T21:28:17.596+0000] {dag.py:3229} INFO - Sync 1 DAGs
[2026-04-20T21:28:17.604+0000] {logging_mixin.py:190} INFO - [2026-04-20T21:28:17.604+0000] {dag.py:4156} INFO - Setting next_dagrun for imdb_sentiment to None, run_after=None
[2026-04-20T21:28:17.615+0000] {processor.py:208} INFO - Processing /opt/airflow/dags/imdb_sentiment.py took 1.090 seconds
[2026-04-20T21:28:47.844+0000] {processor.py:186} INFO - Started process (PID=1258) to work on /opt/airflow/dags/imdb_sentiment.py
[2026-04-20T21:28:47.846+0000] {processor.py:914} INFO - Processing file /opt/airflow/dags/imdb_sentiment.py for tasks to queue
[2026-04-20T21:28:47.855+0000] {logging_mixin.py:190} INFO - [2026-04-20T21:28:47.854+0000] {dagbag.py:587} INFO - Filling up the DagBag from /opt/airflow/dags/imdb_sentiment.py
[2026-04-20T21:28:49.359+0000] {processor.py:925} INFO - DAG(s) 'imdb_sentiment' retrieved from /opt/airflow/dags/imdb_sentiment.py
[2026-04-20T21:28:49.371+0000] {logging_mixin.py:190} INFO - [2026-04-20T21:28:49.370+0000] {dag.py:3229} INFO - Sync 1 DAGs
[2026-04-20T21:28:49.381+0000] {logging_mixin.py:190} INFO - [2026-04-20T21:28:49.380+0000] {dag.py:4156} INFO - Setting next_dagrun for imdb_sentiment to None, run_after=None
[2026-04-20T21:28:49.394+0000] {processor.py:208} INFO - Processing /opt/airflow/dags/imdb_sentiment.py took 1.562 seconds
[2026-04-20T21:29:19.707+0000] {processor.py:186} INFO - Started process (PID=1278) to work on /opt/airflow/dags/imdb_sentiment.py
[2026-04-20T21:29:19.708+0000] {processor.py:914} INFO - Processing file /opt/airflow/dags/imdb_sentiment.py for tasks to queue
[2026-04-20T21:29:19.713+0000] {logging_mixin.py:190} INFO - [2026-04-20T21:29:19.712+0000] {dagbag.py:587} INFO - Filling up the DagBag from /opt/airflow/dags/imdb_sentiment.py
[2026-04-20T21:29:20.782+0000] {processor.py:925} INFO - DAG(s) 'imdb_sentiment' retrieved from /opt/airflow/dags/imdb_sentiment.py
[2026-04-20T21:29:20.791+0000] {logging_mixin.py:190} INFO - [2026-04-20T21:29:20.790+0000] {dag.py:3229} INFO - Sync 1 DAGs
[2026-04-20T21:29:20.797+0000] {logging_mixin.py:190} INFO - [2026-04-20T21:29:20.797+0000] {dag.py:4156} INFO - Setting next_dagrun for imdb_sentiment to None, run_after=None
[2026-04-20T21:29:20.804+0000] {processor.py:208} INFO - Processing /opt/airflow/dags/imdb_sentiment.py took 1.105 seconds
[2026-04-20T21:29:51.104+0000] {processor.py:186} INFO - Started process (PID=1298) to work on /opt/airflow/dags/imdb_sentiment.py
[2026-04-20T21:29:51.108+0000] {processor.py:914} INFO - Processing file /opt/airflow/dags/imdb_sentiment.py for tasks to queue
[2026-04-20T21:29:51.114+0000] {logging_mixin.py:190} INFO - [2026-04-20T21:29:51.113+0000] {dagbag.py:587} INFO - Filling up the DagBag from /opt/airflow/dags/imdb_sentiment.py
[2026-04-20T21:29:52.030+0000] {processor.py:925} INFO - DAG(s) 'imdb_sentiment' retrieved from /opt/airflow/dags/imdb_sentiment.py
[2026-04-20T21:29:52.039+0000] {logging_mixin.py:190} INFO - [2026-04-20T21:29:52.039+0000] {dag.py:3229} INFO - Sync 1 DAGs
[2026-04-20T21:29:52.044+0000] {logging_mixin.py:190} INFO - [2026-04-20T21:29:52.044+0000] {dag.py:4156} INFO - Setting next_dagrun for imdb_sentiment to None, run_after=None
[2026-04-20T21:29:52.050+0000] {processor.py:208} INFO - Processing /opt/airflow/dags/imdb_sentiment.py took 0.960 seconds
[2026-04-20T21:30:22.421+0000] {processor.py:186} INFO - Started process (PID=1318) to work on /opt/airflow/dags/imdb_sentiment.py
[2026-04-20T21:30:22.424+0000] {processor.py:914} INFO - Processing file /opt/airflow/dags/imdb_sentiment.py for tasks to queue
[2026-04-20T21:30:22.433+0000] {logging_mixin.py:190} INFO - [2026-04-20T21:30:22.431+0000] {dagbag.py:587} INFO - Filling up the DagBag from /opt/airflow/dags/imdb_sentiment.py
[2026-04-20T21:30:23.586+0000] {processor.py:925} INFO - DAG(s) 'imdb_sentiment' retrieved from /opt/airflow/dags/imdb_sentiment.py
[2026-04-20T21:30:23.597+0000] {logging_mixin.py:190} INFO - [2026-04-20T21:30:23.596+0000] {dag.py:3229} INFO - Sync 1 DAGs
[2026-04-20T21:30:23.605+0000] {logging_mixin.py:190} INFO - [2026-04-20T21:30:23.605+0000] {dag.py:4156} INFO - Setting next_dagrun for imdb_sentiment to None, run_after=None
[2026-04-20T21:30:23.614+0000] {processor.py:208} INFO - Processing /opt/airflow/dags/imdb_sentiment.py took 1.208 seconds
[2026-04-20T21:30:53.741+0000] {processor.py:186} INFO - Started process (PID=1338) to work on /opt/airflow/dags/imdb_sentiment.py
[2026-04-20T21:30:53.744+0000] {processor.py:914} INFO - Processing file /opt/airflow/dags/imdb_sentiment.py for tasks to queue
[2026-04-20T21:30:53.752+0000] {logging_mixin.py:190} INFO - [2026-04-20T21:30:53.749+0000] {dagbag.py:587} INFO - Filling up the DagBag from /opt/airflow/dags/imdb_sentiment.py
[2026-04-20T21:30:54.738+0000] {processor.py:925} INFO - DAG(s) 'imdb_sentiment' retrieved from /opt/airflow/dags/imdb_sentiment.py
[2026-04-20T21:30:54.746+0000] {logging_mixin.py:190} INFO - [2026-04-20T21:30:54.746+0000] {dag.py:3229} INFO - Sync 1 DAGs
[2026-04-20T21:30:54.751+0000] {logging_mixin.py:190} INFO - [2026-04-20T21:30:54.751+0000] {dag.py:4156} INFO - Setting next_dagrun for imdb_sentiment to None, run_after=None
[2026-04-20T21:30:54.760+0000] {processor.py:208} INFO - Processing /opt/airflow/dags/imdb_sentiment.py took 1.029 seconds
[2026-04-20T21:31:25.113+0000] {processor.py:186} INFO - Started process (PID=1358) to work on /opt/airflow/dags/imdb_sentiment.py
[2026-04-20T21:31:25.115+0000] {processor.py:914} INFO - Processing file /opt/airflow/dags/imdb_sentiment.py for tasks to queue
[2026-04-20T21:31:25.118+0000] {logging_mixin.py:190} INFO - [2026-04-20T21:31:25.118+0000] {dagbag.py:587} INFO - Filling up the DagBag from /opt/airflow/dags/imdb_sentiment.py
[2026-04-20T21:31:26.051+0000] {processor.py:925} INFO - DAG(s) 'imdb_sentiment' retrieved from /opt/airflow/dags/imdb_sentiment.py
[2026-04-20T21:31:26.058+0000] {logging_mixin.py:190} INFO - [2026-04-20T21:31:26.057+0000] {dag.py:3229} INFO - Sync 1 DAGs
[2026-04-20T21:31:26.064+0000] {logging_mixin.py:190} INFO - [2026-04-20T21:31:26.064+0000] {dag.py:4156} INFO - Setting next_dagrun for imdb_sentiment to None, run_after=None
[2026-04-20T21:31:26.070+0000] {processor.py:208} INFO - Processing /opt/airflow/dags/imdb_sentiment.py took 0.964 seconds
[2026-04-20T21:31:56.432+0000] {processor.py:186} INFO - Started process (PID=1378) to work on /opt/airflow/dags/imdb_sentiment.py
[2026-04-20T21:31:56.434+0000] {processor.py:914} INFO - Processing file /opt/airflow/dags/imdb_sentiment.py for tasks to queue
[2026-04-20T21:31:56.437+0000] {logging_mixin.py:190} INFO - [2026-04-20T21:31:56.436+0000] {dagbag.py:587} INFO - Filling up the DagBag from /opt/airflow/dags/imdb_sentiment.py
[2026-04-20T21:31:57.414+0000] {processor.py:925} INFO - DAG(s) 'imdb_sentiment' retrieved from /opt/airflow/dags/imdb_sentiment.py
[2026-04-20T21:31:57.439+0000] {logging_mixin.py:190} INFO - [2026-04-20T21:31:57.438+0000] {dag.py:3229} INFO - Sync 1 DAGs
[2026-04-20T21:31:57.447+0000] {logging_mixin.py:190} INFO - [2026-04-20T21:31:57.447+0000] {dag.py:4156} INFO - Setting next_dagrun for imdb_sentiment to None, run_after=None
[2026-04-20T21:31:57.455+0000] {processor.py:208} INFO - Processing /opt/airflow/dags/imdb_sentiment.py took 1.031 seconds
[2026-04-20T21:32:27.875+0000] {processor.py:186} INFO - Started process (PID=1398) to work on /opt/airflow/dags/imdb_sentiment.py
[2026-04-20T21:32:27.877+0000] {processor.py:914} INFO - Processing file /opt/airflow/dags/imdb_sentiment.py for tasks to queue
[2026-04-20T21:32:27.882+0000] {logging_mixin.py:190} INFO - [2026-04-20T21:32:27.881+0000] {dagbag.py:587} INFO - Filling up the DagBag from /opt/airflow/dags/imdb_sentiment.py
[2026-04-20T21:32:28.868+0000] {processor.py:925} INFO - DAG(s) 'imdb_sentiment' retrieved from /opt/airflow/dags/imdb_sentiment.py
[2026-04-20T21:32:28.877+0000] {logging_mixin.py:190} INFO - [2026-04-20T21:32:28.877+0000] {dag.py:3229} INFO - Sync 1 DAGs
[2026-04-20T21:32:28.883+0000] {logging_mixin.py:190} INFO - [2026-04-20T21:32:28.883+0000] {dag.py:4156} INFO - Setting next_dagrun for imdb_sentiment to None, run_after=None
[2026-04-20T21:32:28.891+0000] {processor.py:208} INFO - Processing /opt/airflow/dags/imdb_sentiment.py took 1.030 seconds
